<?xml version="1.0" encoding="UTF-8"?>
<!-- Generated by org.testng.reporters.JUnitReportReporter -->
<testsuite hostname="LAPTOP-S0KP3O09" failures="0" tests="1" name="WalletHub.com.UITesting.testcases.FacebookTestCases" time="32.514" errors="0" timestamp="23 Mar 2022 10:42:16 GMT" skipped="0">
  <testcase classname="WalletHub.com.UITesting.testcases.FacebookTestCases" name="TC001_Login" time="32.514"/>
</testsuite> <!-- WalletHub.com.UITesting.testcases.FacebookTestCases -->
